ERROR 2020-02-04 11:33:00 [14] AfterInternalServerError
ICSSoft.STORMNET.Business.ExecutingQueryException: Executing query exception ---> ICSSoft.STORMNET.Business.ExecutingQueryException: Error on executing:
INSERT INTO STORMNETLOCKDATA
 ( 
LockKey,LockDate,UserName
 ) 
 VALUES (
'Жтгдд',timestamp'2020-02-04 06:33:00.164',NULL
) ---> Npgsql.PostgresException: 25P02: текущая транзакция прервана, команды до конца блока транзакции игнорируются
   в Npgsql.NpgsqlConnector.<DoReadMessage>d__155.MoveNext()
--- Конец трассировка стека из предыдущего расположения, где возникло исключение ---
   в System.Runtime.CompilerServices.TaskAwaiter.ThrowForNonSuccess(Task task)
   в System.Runtime.CompilerServices.TaskAwaiter.HandleNonSuccessAndDebuggerNotification(Task task)
   в System.Runtime.CompilerServices.ValueTaskAwaiter`1.GetResult()
   в Npgsql.NpgsqlConnector.<ReadMessage>d__154.MoveNext()
--- Конец трассировка стека из предыдущего расположения, где возникло исключение ---
   в Npgsql.NpgsqlConnector.<ReadMessage>d__154.MoveNext()
--- Конец трассировка стека из предыдущего расположения, где возникло исключение ---
   в System.Runtime.CompilerServices.TaskAwaiter.ThrowForNonSuccess(Task task)
   в System.Runtime.CompilerServices.TaskAwaiter.HandleNonSuccessAndDebuggerNotification(Task task)
   в System.Runtime.CompilerServices.ValueTaskAwaiter`1.GetResult()
   в Npgsql.NpgsqlConnector.<ReadExpecting>d__161`1.MoveNext()
--- Конец трассировка стека из предыдущего расположения, где возникло исключение ---
   в System.Runtime.CompilerServices.TaskAwaiter.ThrowForNonSuccess(Task task)
   в System.Runtime.CompilerServices.TaskAwaiter.HandleNonSuccessAndDebuggerNotification(Task task)
   в System.Runtime.CompilerServices.ValueTaskAwaiter`1.GetResult()
   в Npgsql.NpgsqlDataReader.<NextResult>d__32.MoveNext()
--- Конец трассировка стека из предыдущего расположения, где возникло исключение ---
   в System.Runtime.CompilerServices.TaskAwaiter.ThrowForNonSuccess(Task task)
   в System.Runtime.CompilerServices.TaskAwaiter.HandleNonSuccessAndDebuggerNotification(Task task)
   в Npgsql.NpgsqlDataReader.NextResult()
   в Npgsql.NpgsqlCommand.<Execute>d__71.MoveNext()
--- Конец трассировка стека из предыдущего расположения, где возникло исключение ---
   в System.Runtime.CompilerServices.TaskAwaiter.ThrowForNonSuccess(Task task)
   в System.Runtime.CompilerServices.TaskAwaiter.HandleNonSuccessAndDebuggerNotification(Task task)
   в System.Runtime.CompilerServices.ValueTaskAwaiter`1.GetResult()
   в Npgsql.NpgsqlCommand.<ExecuteNonQuery>d__84.MoveNext()
--- Конец трассировка стека из предыдущего расположения, где возникло исключение ---
   в System.Runtime.CompilerServices.TaskAwaiter.ThrowForNonSuccess(Task task)
   в System.Runtime.CompilerServices.TaskAwaiter.HandleNonSuccessAndDebuggerNotification(Task task)
   в Npgsql.NpgsqlCommand.ExecuteNonQuery()
   в ICSSoft.STORMNET.Business.SQLDataService.RunCommands(StringCollection queries, StringCollection tables, String table, IDbCommand command, Object businessID, Boolean AlwaysThrowException)
   --- Конец трассировки внутреннего стека исключений ---
   в ICSSoft.STORMNET.Business.SQLDataService.UpdateObjects(DataObject[]& objects, DataObjectCache DataObjectCache, Boolean AlwaysThrowException)
   --- Конец трассировки внутреннего стека исключений ---
   в ICSSoft.STORMNET.Business.SQLDataService.UpdateObjects(DataObject[]& objects, DataObjectCache DataObjectCache, Boolean AlwaysThrowException)
   в ICSSoft.STORMNET.Business.SQLDataService.UpdateObjects(DataObject[]& objects, DataObjectCache DataObjectCache)
   в ICSSoft.STORMNET.Business.SQLDataService.UpdateObjects(DataObject[]& objects)
   в NewPlatform.Flexberry.ORM.ODataService.Controllers.DataObjectController.UpdateObject(EdmEntityObject edmEntity, Object key)
   в NewPlatform.Flexberry.ORM.ODataService.Controllers.DataObjectController.Post(EdmEntityObject edmEntity)
ERROR 2020-02-04 11:33:00 [14] Executing query exception
ICSSoft.STORMNET.Business.ExecutingQueryException: Executing query exception ---> ICSSoft.STORMNET.Business.ExecutingQueryException: Error on executing:
INSERT INTO STORMNETLOCKDATA
 ( 
LockKey,LockDate,UserName
 ) 
 VALUES (
'Жтгдд',timestamp'2020-02-04 06:33:00.164',NULL
) ---> Npgsql.PostgresException: 25P02: текущая транзакция прервана, команды до конца блока транзакции игнорируются
   в Npgsql.NpgsqlConnector.<DoReadMessage>d__155.MoveNext()
--- Конец трассировка стека из предыдущего расположения, где возникло исключение ---
   в System.Runtime.CompilerServices.TaskAwaiter.ThrowForNonSuccess(Task task)
   в System.Runtime.CompilerServices.TaskAwaiter.HandleNonSuccessAndDebuggerNotification(Task task)
   в System.Runtime.CompilerServices.ValueTaskAwaiter`1.GetResult()
   в Npgsql.NpgsqlConnector.<ReadMessage>d__154.MoveNext()
--- Конец трассировка стека из предыдущего расположения, где возникло исключение ---
   в Npgsql.NpgsqlConnector.<ReadMessage>d__154.MoveNext()
--- Конец трассировка стека из предыдущего расположения, где возникло исключение ---
   в System.Runtime.CompilerServices.TaskAwaiter.ThrowForNonSuccess(Task task)
   в System.Runtime.CompilerServices.TaskAwaiter.HandleNonSuccessAndDebuggerNotification(Task task)
   в System.Runtime.CompilerServices.ValueTaskAwaiter`1.GetResult()
   в Npgsql.NpgsqlConnector.<ReadExpecting>d__161`1.MoveNext()
--- Конец трассировка стека из предыдущего расположения, где возникло исключение ---
   в System.Runtime.CompilerServices.TaskAwaiter.ThrowForNonSuccess(Task task)
   в System.Runtime.CompilerServices.TaskAwaiter.HandleNonSuccessAndDebuggerNotification(Task task)
   в System.Runtime.CompilerServices.ValueTaskAwaiter`1.GetResult()
   в Npgsql.NpgsqlDataReader.<NextResult>d__32.MoveNext()
--- Конец трассировка стека из предыдущего расположения, где возникло исключение ---
   в System.Runtime.CompilerServices.TaskAwaiter.ThrowForNonSuccess(Task task)
   в System.Runtime.CompilerServices.TaskAwaiter.HandleNonSuccessAndDebuggerNotification(Task task)
   в Npgsql.NpgsqlDataReader.NextResult()
   в Npgsql.NpgsqlCommand.<Execute>d__71.MoveNext()
--- Конец трассировка стека из предыдущего расположения, где возникло исключение ---
   в System.Runtime.CompilerServices.TaskAwaiter.ThrowForNonSuccess(Task task)
   в System.Runtime.CompilerServices.TaskAwaiter.HandleNonSuccessAndDebuggerNotification(Task task)
   в System.Runtime.CompilerServices.ValueTaskAwaiter`1.GetResult()
   в Npgsql.NpgsqlCommand.<ExecuteNonQuery>d__84.MoveNext()
--- Конец трассировка стека из предыдущего расположения, где возникло исключение ---
   в System.Runtime.CompilerServices.TaskAwaiter.ThrowForNonSuccess(Task task)
   в System.Runtime.CompilerServices.TaskAwaiter.HandleNonSuccessAndDebuggerNotification(Task task)
   в Npgsql.NpgsqlCommand.ExecuteNonQuery()
   в ICSSoft.STORMNET.Business.SQLDataService.RunCommands(StringCollection queries, StringCollection tables, String table, IDbCommand command, Object businessID, Boolean AlwaysThrowException)
   --- Конец трассировки внутреннего стека исключений ---
   в ICSSoft.STORMNET.Business.SQLDataService.UpdateObjects(DataObject[]& objects, DataObjectCache DataObjectCache, Boolean AlwaysThrowException)
   --- Конец трассировки внутреннего стека исключений ---
   в ICSSoft.STORMNET.Business.SQLDataService.UpdateObjects(DataObject[]& objects, DataObjectCache DataObjectCache, Boolean AlwaysThrowException)
   в ICSSoft.STORMNET.Business.SQLDataService.UpdateObjects(DataObject[]& objects, DataObjectCache DataObjectCache)
   в ICSSoft.STORMNET.Business.SQLDataService.UpdateObjects(DataObject[]& objects)
   в NewPlatform.Flexberry.ORM.ODataService.Controllers.DataObjectController.UpdateObject(EdmEntityObject edmEntity, Object key)
   в NewPlatform.Flexberry.ORM.ODataService.Controllers.DataObjectController.Post(EdmEntityObject edmEntity)
ERROR 2020-02-04 11:33:10 [11] AfterInternalServerError
ICSSoft.STORMNET.Business.ExecutingQueryException: Executing query exception ---> ICSSoft.STORMNET.Business.ExecutingQueryException: Error on executing:
INSERT INTO STORMNETLOCKDATA
 ( 
LockKey,LockDate,UserName
 ) 
 VALUES (
'null',timestamp'2020-02-04 06:33:10.075',NULL
) ---> Npgsql.PostgresException: 25P02: текущая транзакция прервана, команды до конца блока транзакции игнорируются
   в Npgsql.NpgsqlConnector.<DoReadMessage>d__155.MoveNext()
--- Конец трассировка стека из предыдущего расположения, где возникло исключение ---
   в System.Runtime.CompilerServices.TaskAwaiter.ThrowForNonSuccess(Task task)
   в System.Runtime.CompilerServices.TaskAwaiter.HandleNonSuccessAndDebuggerNotification(Task task)
   в System.Runtime.CompilerServices.ValueTaskAwaiter`1.GetResult()
   в Npgsql.NpgsqlConnector.<ReadMessage>d__154.MoveNext()
--- Конец трассировка стека из предыдущего расположения, где возникло исключение ---
   в Npgsql.NpgsqlConnector.<ReadMessage>d__154.MoveNext()
--- Конец трассировка стека из предыдущего расположения, где возникло исключение ---
   в System.Runtime.CompilerServices.TaskAwaiter.ThrowForNonSuccess(Task task)
   в System.Runtime.CompilerServices.TaskAwaiter.HandleNonSuccessAndDebuggerNotification(Task task)
   в System.Runtime.CompilerServices.ValueTaskAwaiter`1.GetResult()
   в Npgsql.NpgsqlConnector.<ReadExpecting>d__161`1.MoveNext()
--- Конец трассировка стека из предыдущего расположения, где возникло исключение ---
   в System.Runtime.CompilerServices.TaskAwaiter.ThrowForNonSuccess(Task task)
   в System.Runtime.CompilerServices.TaskAwaiter.HandleNonSuccessAndDebuggerNotification(Task task)
   в System.Runtime.CompilerServices.ValueTaskAwaiter`1.GetResult()
   в Npgsql.NpgsqlDataReader.<NextResult>d__32.MoveNext()
--- Конец трассировка стека из предыдущего расположения, где возникло исключение ---
   в System.Runtime.CompilerServices.TaskAwaiter.ThrowForNonSuccess(Task task)
   в System.Runtime.CompilerServices.TaskAwaiter.HandleNonSuccessAndDebuggerNotification(Task task)
   в Npgsql.NpgsqlDataReader.NextResult()
   в Npgsql.NpgsqlCommand.<Execute>d__71.MoveNext()
--- Конец трассировка стека из предыдущего расположения, где возникло исключение ---
   в System.Runtime.CompilerServices.TaskAwaiter.ThrowForNonSuccess(Task task)
   в System.Runtime.CompilerServices.TaskAwaiter.HandleNonSuccessAndDebuggerNotification(Task task)
   в System.Runtime.CompilerServices.ValueTaskAwaiter`1.GetResult()
   в Npgsql.NpgsqlCommand.<ExecuteNonQuery>d__84.MoveNext()
--- Конец трассировка стека из предыдущего расположения, где возникло исключение ---
   в System.Runtime.CompilerServices.TaskAwaiter.ThrowForNonSuccess(Task task)
   в System.Runtime.CompilerServices.TaskAwaiter.HandleNonSuccessAndDebuggerNotification(Task task)
   в Npgsql.NpgsqlCommand.ExecuteNonQuery()
   в ICSSoft.STORMNET.Business.SQLDataService.RunCommands(StringCollection queries, StringCollection tables, String table, IDbCommand command, Object businessID, Boolean AlwaysThrowException)
   --- Конец трассировки внутреннего стека исключений ---
   в ICSSoft.STORMNET.Business.SQLDataService.UpdateObjects(DataObject[]& objects, DataObjectCache DataObjectCache, Boolean AlwaysThrowException)
   --- Конец трассировки внутреннего стека исключений ---
   в ICSSoft.STORMNET.Business.SQLDataService.UpdateObjects(DataObject[]& objects, DataObjectCache DataObjectCache, Boolean AlwaysThrowException)
   в ICSSoft.STORMNET.Business.SQLDataService.UpdateObjects(DataObject[]& objects, DataObjectCache DataObjectCache)
   в ICSSoft.STORMNET.Business.SQLDataService.UpdateObjects(DataObject[]& objects)
   в NewPlatform.Flexberry.ORM.ODataService.Controllers.DataObjectController.UpdateObject(EdmEntityObject edmEntity, Object key)
   в NewPlatform.Flexberry.ORM.ODataService.Controllers.DataObjectController.Post(EdmEntityObject edmEntity)
ERROR 2020-02-04 11:33:10 [11] Executing query exception
ICSSoft.STORMNET.Business.ExecutingQueryException: Executing query exception ---> ICSSoft.STORMNET.Business.ExecutingQueryException: Error on executing:
INSERT INTO STORMNETLOCKDATA
 ( 
LockKey,LockDate,UserName
 ) 
 VALUES (
'null',timestamp'2020-02-04 06:33:10.075',NULL
) ---> Npgsql.PostgresException: 25P02: текущая транзакция прервана, команды до конца блока транзакции игнорируются
   в Npgsql.NpgsqlConnector.<DoReadMessage>d__155.MoveNext()
--- Конец трассировка стека из предыдущего расположения, где возникло исключение ---
   в System.Runtime.CompilerServices.TaskAwaiter.ThrowForNonSuccess(Task task)
   в System.Runtime.CompilerServices.TaskAwaiter.HandleNonSuccessAndDebuggerNotification(Task task)
   в System.Runtime.CompilerServices.ValueTaskAwaiter`1.GetResult()
   в Npgsql.NpgsqlConnector.<ReadMessage>d__154.MoveNext()
--- Конец трассировка стека из предыдущего расположения, где возникло исключение ---
   в Npgsql.NpgsqlConnector.<ReadMessage>d__154.MoveNext()
--- Конец трассировка стека из предыдущего расположения, где возникло исключение ---
   в System.Runtime.CompilerServices.TaskAwaiter.ThrowForNonSuccess(Task task)
   в System.Runtime.CompilerServices.TaskAwaiter.HandleNonSuccessAndDebuggerNotification(Task task)
   в System.Runtime.CompilerServices.ValueTaskAwaiter`1.GetResult()
   в Npgsql.NpgsqlConnector.<ReadExpecting>d__161`1.MoveNext()
--- Конец трассировка стека из предыдущего расположения, где возникло исключение ---
   в System.Runtime.CompilerServices.TaskAwaiter.ThrowForNonSuccess(Task task)
   в System.Runtime.CompilerServices.TaskAwaiter.HandleNonSuccessAndDebuggerNotification(Task task)
   в System.Runtime.CompilerServices.ValueTaskAwaiter`1.GetResult()
   в Npgsql.NpgsqlDataReader.<NextResult>d__32.MoveNext()
--- Конец трассировка стека из предыдущего расположения, где возникло исключение ---
   в System.Runtime.CompilerServices.TaskAwaiter.ThrowForNonSuccess(Task task)
   в System.Runtime.CompilerServices.TaskAwaiter.HandleNonSuccessAndDebuggerNotification(Task task)
   в Npgsql.NpgsqlDataReader.NextResult()
   в Npgsql.NpgsqlCommand.<Execute>d__71.MoveNext()
--- Конец трассировка стека из предыдущего расположения, где возникло исключение ---
   в System.Runtime.CompilerServices.TaskAwaiter.ThrowForNonSuccess(Task task)
   в System.Runtime.CompilerServices.TaskAwaiter.HandleNonSuccessAndDebuggerNotification(Task task)
   в System.Runtime.CompilerServices.ValueTaskAwaiter`1.GetResult()
   в Npgsql.NpgsqlCommand.<ExecuteNonQuery>d__84.MoveNext()
--- Конец трассировка стека из предыдущего расположения, где возникло исключение ---
   в System.Runtime.CompilerServices.TaskAwaiter.ThrowForNonSuccess(Task task)
   в System.Runtime.CompilerServices.TaskAwaiter.HandleNonSuccessAndDebuggerNotification(Task task)
   в Npgsql.NpgsqlCommand.ExecuteNonQuery()
   в ICSSoft.STORMNET.Business.SQLDataService.RunCommands(StringCollection queries, StringCollection tables, String table, IDbCommand command, Object businessID, Boolean AlwaysThrowException)
   --- Конец трассировки внутреннего стека исключений ---
   в ICSSoft.STORMNET.Business.SQLDataService.UpdateObjects(DataObject[]& objects, DataObjectCache DataObjectCache, Boolean AlwaysThrowException)
   --- Конец трассировки внутреннего стека исключений ---
   в ICSSoft.STORMNET.Business.SQLDataService.UpdateObjects(DataObject[]& objects, DataObjectCache DataObjectCache, Boolean AlwaysThrowException)
   в ICSSoft.STORMNET.Business.SQLDataService.UpdateObjects(DataObject[]& objects, DataObjectCache DataObjectCache)
   в ICSSoft.STORMNET.Business.SQLDataService.UpdateObjects(DataObject[]& objects)
   в NewPlatform.Flexberry.ORM.ODataService.Controllers.DataObjectController.UpdateObject(EdmEntityObject edmEntity, Object key)
   в NewPlatform.Flexberry.ORM.ODataService.Controllers.DataObjectController.Post(EdmEntityObject edmEntity)
ERROR 2020-02-04 17:26:06 [5] AfterInternalServerError
Microsoft.OData.Core.ODataException: !iyj4q!Could not find a property named 'LinkParameter' on type 'NewPlatform.Flexberry.GIS.LayerLink'. Ploc P!
   в Microsoft.OData.Core.UriParser.Parsers.SelectExpandBinder.GenerateExpandItem(ExpandTermToken tokenIn)
   в System.Linq.Enumerable.WhereSelectEnumerableIterator`2.MoveNext()
   в System.Linq.Enumerable.WhereEnumerableIterator`1.MoveNext()
   в System.Collections.Generic.List`1..ctor(IEnumerable`1 collection)
   в System.Linq.Enumerable.ToList[TSource](IEnumerable`1 source)
   в Microsoft.OData.Core.UriParser.Parsers.SelectExpandBinder.BindSubLevel(ExpandToken tokenIn)
   в Microsoft.OData.Core.UriParser.Parsers.SelectExpandBinder.GenerateSubExpand(IEdmNavigationProperty currentNavProp, ExpandTermToken tokenIn)
   в Microsoft.OData.Core.UriParser.Parsers.SelectExpandBinder.GenerateExpandItem(ExpandTermToken tokenIn)
   в System.Linq.Enumerable.WhereSelectEnumerableIterator`2.MoveNext()
   в System.Linq.Enumerable.WhereEnumerableIterator`1.MoveNext()
   в System.Collections.Generic.List`1..ctor(IEnumerable`1 collection)
   в System.Linq.Enumerable.ToList[TSource](IEnumerable`1 source)
   в Microsoft.OData.Core.UriParser.Parsers.SelectExpandBinder.BindSubLevel(ExpandToken tokenIn)
   в Microsoft.OData.Core.UriParser.Parsers.SelectExpandBinder.GenerateSubExpand(IEdmNavigationProperty currentNavProp, ExpandTermToken tokenIn)
   в Microsoft.OData.Core.UriParser.Parsers.SelectExpandBinder.GenerateExpandItem(ExpandTermToken tokenIn)
   в System.Linq.Enumerable.WhereSelectEnumerableIterator`2.MoveNext()
   в System.Linq.Enumerable.WhereEnumerableIterator`1.MoveNext()
   в System.Collections.Generic.List`1.InsertRange(Int32 index, IEnumerable`1 collection)
   в Microsoft.OData.Core.UriParser.Parsers.SelectExpandBinder.Bind(ExpandToken tokenIn)
   в Microsoft.OData.Core.UriParser.Parsers.SelectExpandSemanticBinder.Bind(IEdmStructuredType elementType, IEdmNavigationSource navigationSource, ExpandToken expandToken, SelectToken selectToken, ODataUriParserConfiguration configuration)
   в Microsoft.OData.Core.UriParser.ODataQueryOptionParser.ParseSelectAndExpandImplementation(String select, String expand, ODataUriParserConfiguration configuration, IEdmStructuredType elementType, IEdmNavigationSource navigationSource)
   в Microsoft.OData.Core.UriParser.ODataQueryOptionParser.ParseSelectAndExpand()
   в NewPlatform.Flexberry.ORM.ODataService.Controllers.DataObjectController.Init()
   в NewPlatform.Flexberry.ORM.ODataService.Controllers.DataObjectController.Get()
ERROR 2020-02-04 17:26:06 [5] !iyj4q!Could not find a property named 'LinkParameter' on type 'NewPlatform.Flexberry.GIS.LayerLink'. Ploc P!
Microsoft.OData.Core.ODataException: !iyj4q!Could not find a property named 'LinkParameter' on type 'NewPlatform.Flexberry.GIS.LayerLink'. Ploc P!
   в Microsoft.OData.Core.UriParser.Parsers.SelectExpandBinder.GenerateExpandItem(ExpandTermToken tokenIn)
   в System.Linq.Enumerable.WhereSelectEnumerableIterator`2.MoveNext()
   в System.Linq.Enumerable.WhereEnumerableIterator`1.MoveNext()
   в System.Collections.Generic.List`1..ctor(IEnumerable`1 collection)
   в System.Linq.Enumerable.ToList[TSource](IEnumerable`1 source)
   в Microsoft.OData.Core.UriParser.Parsers.SelectExpandBinder.BindSubLevel(ExpandToken tokenIn)
   в Microsoft.OData.Core.UriParser.Parsers.SelectExpandBinder.GenerateSubExpand(IEdmNavigationProperty currentNavProp, ExpandTermToken tokenIn)
   в Microsoft.OData.Core.UriParser.Parsers.SelectExpandBinder.GenerateExpandItem(ExpandTermToken tokenIn)
   в System.Linq.Enumerable.WhereSelectEnumerableIterator`2.MoveNext()
   в System.Linq.Enumerable.WhereEnumerableIterator`1.MoveNext()
   в System.Collections.Generic.List`1..ctor(IEnumerable`1 collection)
   в System.Linq.Enumerable.ToList[TSource](IEnumerable`1 source)
   в Microsoft.OData.Core.UriParser.Parsers.SelectExpandBinder.BindSubLevel(ExpandToken tokenIn)
   в Microsoft.OData.Core.UriParser.Parsers.SelectExpandBinder.GenerateSubExpand(IEdmNavigationProperty currentNavProp, ExpandTermToken tokenIn)
   в Microsoft.OData.Core.UriParser.Parsers.SelectExpandBinder.GenerateExpandItem(ExpandTermToken tokenIn)
   в System.Linq.Enumerable.WhereSelectEnumerableIterator`2.MoveNext()
   в System.Linq.Enumerable.WhereEnumerableIterator`1.MoveNext()
   в System.Collections.Generic.List`1.InsertRange(Int32 index, IEnumerable`1 collection)
   в Microsoft.OData.Core.UriParser.Parsers.SelectExpandBinder.Bind(ExpandToken tokenIn)
   в Microsoft.OData.Core.UriParser.Parsers.SelectExpandSemanticBinder.Bind(IEdmStructuredType elementType, IEdmNavigationSource navigationSource, ExpandToken expandToken, SelectToken selectToken, ODataUriParserConfiguration configuration)
   в Microsoft.OData.Core.UriParser.ODataQueryOptionParser.ParseSelectAndExpandImplementation(String select, String expand, ODataUriParserConfiguration configuration, IEdmStructuredType elementType, IEdmNavigationSource navigationSource)
   в Microsoft.OData.Core.UriParser.ODataQueryOptionParser.ParseSelectAndExpand()
   в NewPlatform.Flexberry.ORM.ODataService.Controllers.DataObjectController.Init()
   в NewPlatform.Flexberry.ORM.ODataService.Controllers.DataObjectController.Get()
ERROR 2020-02-04 17:26:51 [5] AfterInternalServerError
Microsoft.OData.Core.ODataException: !iyj4q!Could not find a property named 'LinkParameter' on type 'NewPlatform.Flexberry.GIS.LayerLink'. Ploc P!
   в Microsoft.OData.Core.UriParser.Parsers.SelectExpandBinder.GenerateExpandItem(ExpandTermToken tokenIn)
   в System.Linq.Enumerable.WhereSelectEnumerableIterator`2.MoveNext()
   в System.Linq.Enumerable.WhereEnumerableIterator`1.MoveNext()
   в System.Collections.Generic.List`1..ctor(IEnumerable`1 collection)
   в System.Linq.Enumerable.ToList[TSource](IEnumerable`1 source)
   в Microsoft.OData.Core.UriParser.Parsers.SelectExpandBinder.BindSubLevel(ExpandToken tokenIn)
   в Microsoft.OData.Core.UriParser.Parsers.SelectExpandBinder.GenerateSubExpand(IEdmNavigationProperty currentNavProp, ExpandTermToken tokenIn)
   в Microsoft.OData.Core.UriParser.Parsers.SelectExpandBinder.GenerateExpandItem(ExpandTermToken tokenIn)
   в System.Linq.Enumerable.WhereSelectEnumerableIterator`2.MoveNext()
   в System.Linq.Enumerable.WhereEnumerableIterator`1.MoveNext()
   в System.Collections.Generic.List`1..ctor(IEnumerable`1 collection)
   в System.Linq.Enumerable.ToList[TSource](IEnumerable`1 source)
   в Microsoft.OData.Core.UriParser.Parsers.SelectExpandBinder.BindSubLevel(ExpandToken tokenIn)
   в Microsoft.OData.Core.UriParser.Parsers.SelectExpandBinder.GenerateSubExpand(IEdmNavigationProperty currentNavProp, ExpandTermToken tokenIn)
   в Microsoft.OData.Core.UriParser.Parsers.SelectExpandBinder.GenerateExpandItem(ExpandTermToken tokenIn)
   в System.Linq.Enumerable.WhereSelectEnumerableIterator`2.MoveNext()
   в System.Linq.Enumerable.WhereEnumerableIterator`1.MoveNext()
   в System.Collections.Generic.List`1.InsertRange(Int32 index, IEnumerable`1 collection)
   в Microsoft.OData.Core.UriParser.Parsers.SelectExpandBinder.Bind(ExpandToken tokenIn)
   в Microsoft.OData.Core.UriParser.Parsers.SelectExpandSemanticBinder.Bind(IEdmStructuredType elementType, IEdmNavigationSource navigationSource, ExpandToken expandToken, SelectToken selectToken, ODataUriParserConfiguration configuration)
   в Microsoft.OData.Core.UriParser.ODataQueryOptionParser.ParseSelectAndExpandImplementation(String select, String expand, ODataUriParserConfiguration configuration, IEdmStructuredType elementType, IEdmNavigationSource navigationSource)
   в Microsoft.OData.Core.UriParser.ODataQueryOptionParser.ParseSelectAndExpand()
   в NewPlatform.Flexberry.ORM.ODataService.Controllers.DataObjectController.Init()
   в NewPlatform.Flexberry.ORM.ODataService.Controllers.DataObjectController.Get()
ERROR 2020-02-04 17:26:51 [5] !iyj4q!Could not find a property named 'LinkParameter' on type 'NewPlatform.Flexberry.GIS.LayerLink'. Ploc P!
Microsoft.OData.Core.ODataException: !iyj4q!Could not find a property named 'LinkParameter' on type 'NewPlatform.Flexberry.GIS.LayerLink'. Ploc P!
   в Microsoft.OData.Core.UriParser.Parsers.SelectExpandBinder.GenerateExpandItem(ExpandTermToken tokenIn)
   в System.Linq.Enumerable.WhereSelectEnumerableIterator`2.MoveNext()
   в System.Linq.Enumerable.WhereEnumerableIterator`1.MoveNext()
   в System.Collections.Generic.List`1..ctor(IEnumerable`1 collection)
   в System.Linq.Enumerable.ToList[TSource](IEnumerable`1 source)
   в Microsoft.OData.Core.UriParser.Parsers.SelectExpandBinder.BindSubLevel(ExpandToken tokenIn)
   в Microsoft.OData.Core.UriParser.Parsers.SelectExpandBinder.GenerateSubExpand(IEdmNavigationProperty currentNavProp, ExpandTermToken tokenIn)
   в Microsoft.OData.Core.UriParser.Parsers.SelectExpandBinder.GenerateExpandItem(ExpandTermToken tokenIn)
   в System.Linq.Enumerable.WhereSelectEnumerableIterator`2.MoveNext()
   в System.Linq.Enumerable.WhereEnumerableIterator`1.MoveNext()
   в System.Collections.Generic.List`1..ctor(IEnumerable`1 collection)
   в System.Linq.Enumerable.ToList[TSource](IEnumerable`1 source)
   в Microsoft.OData.Core.UriParser.Parsers.SelectExpandBinder.BindSubLevel(ExpandToken tokenIn)
   в Microsoft.OData.Core.UriParser.Parsers.SelectExpandBinder.GenerateSubExpand(IEdmNavigationProperty currentNavProp, ExpandTermToken tokenIn)
   в Microsoft.OData.Core.UriParser.Parsers.SelectExpandBinder.GenerateExpandItem(ExpandTermToken tokenIn)
   в System.Linq.Enumerable.WhereSelectEnumerableIterator`2.MoveNext()
   в System.Linq.Enumerable.WhereEnumerableIterator`1.MoveNext()
   в System.Collections.Generic.List`1.InsertRange(Int32 index, IEnumerable`1 collection)
   в Microsoft.OData.Core.UriParser.Parsers.SelectExpandBinder.Bind(ExpandToken tokenIn)
   в Microsoft.OData.Core.UriParser.Parsers.SelectExpandSemanticBinder.Bind(IEdmStructuredType elementType, IEdmNavigationSource navigationSource, ExpandToken expandToken, SelectToken selectToken, ODataUriParserConfiguration configuration)
   в Microsoft.OData.Core.UriParser.ODataQueryOptionParser.ParseSelectAndExpandImplementation(String select, String expand, ODataUriParserConfiguration configuration, IEdmStructuredType elementType, IEdmNavigationSource navigationSource)
   в Microsoft.OData.Core.UriParser.ODataQueryOptionParser.ParseSelectAndExpand()
   в NewPlatform.Flexberry.ORM.ODataService.Controllers.DataObjectController.Init()
   в NewPlatform.Flexberry.ORM.ODataService.Controllers.DataObjectController.Get()
ERROR 2020-02-04 17:31:03 [5] AfterInternalServerError
Microsoft.OData.Core.ODataException: !iyj4q!Could not find a property named 'LinkParameter' on type 'NewPlatform.Flexberry.GIS.LayerLink'. Ploc P!
   в Microsoft.OData.Core.UriParser.Parsers.SelectExpandBinder.GenerateExpandItem(ExpandTermToken tokenIn)
   в System.Linq.Enumerable.WhereSelectEnumerableIterator`2.MoveNext()
   в System.Linq.Enumerable.WhereEnumerableIterator`1.MoveNext()
   в System.Collections.Generic.List`1..ctor(IEnumerable`1 collection)
   в System.Linq.Enumerable.ToList[TSource](IEnumerable`1 source)
   в Microsoft.OData.Core.UriParser.Parsers.SelectExpandBinder.BindSubLevel(ExpandToken tokenIn)
   в Microsoft.OData.Core.UriParser.Parsers.SelectExpandBinder.GenerateSubExpand(IEdmNavigationProperty currentNavProp, ExpandTermToken tokenIn)
   в Microsoft.OData.Core.UriParser.Parsers.SelectExpandBinder.GenerateExpandItem(ExpandTermToken tokenIn)
   в System.Linq.Enumerable.WhereSelectEnumerableIterator`2.MoveNext()
   в System.Linq.Enumerable.WhereEnumerableIterator`1.MoveNext()
   в System.Collections.Generic.List`1..ctor(IEnumerable`1 collection)
   в System.Linq.Enumerable.ToList[TSource](IEnumerable`1 source)
   в Microsoft.OData.Core.UriParser.Parsers.SelectExpandBinder.BindSubLevel(ExpandToken tokenIn)
   в Microsoft.OData.Core.UriParser.Parsers.SelectExpandBinder.GenerateSubExpand(IEdmNavigationProperty currentNavProp, ExpandTermToken tokenIn)
   в Microsoft.OData.Core.UriParser.Parsers.SelectExpandBinder.GenerateExpandItem(ExpandTermToken tokenIn)
   в System.Linq.Enumerable.WhereSelectEnumerableIterator`2.MoveNext()
   в System.Linq.Enumerable.WhereEnumerableIterator`1.MoveNext()
   в System.Collections.Generic.List`1.InsertRange(Int32 index, IEnumerable`1 collection)
   в Microsoft.OData.Core.UriParser.Parsers.SelectExpandBinder.Bind(ExpandToken tokenIn)
   в Microsoft.OData.Core.UriParser.Parsers.SelectExpandSemanticBinder.Bind(IEdmStructuredType elementType, IEdmNavigationSource navigationSource, ExpandToken expandToken, SelectToken selectToken, ODataUriParserConfiguration configuration)
   в Microsoft.OData.Core.UriParser.ODataQueryOptionParser.ParseSelectAndExpandImplementation(String select, String expand, ODataUriParserConfiguration configuration, IEdmStructuredType elementType, IEdmNavigationSource navigationSource)
   в Microsoft.OData.Core.UriParser.ODataQueryOptionParser.ParseSelectAndExpand()
   в NewPlatform.Flexberry.ORM.ODataService.Controllers.DataObjectController.Init()
   в NewPlatform.Flexberry.ORM.ODataService.Controllers.DataObjectController.Get()
ERROR 2020-02-04 17:31:03 [5] !iyj4q!Could not find a property named 'LinkParameter' on type 'NewPlatform.Flexberry.GIS.LayerLink'. Ploc P!
Microsoft.OData.Core.ODataException: !iyj4q!Could not find a property named 'LinkParameter' on type 'NewPlatform.Flexberry.GIS.LayerLink'. Ploc P!
   в Microsoft.OData.Core.UriParser.Parsers.SelectExpandBinder.GenerateExpandItem(ExpandTermToken tokenIn)
   в System.Linq.Enumerable.WhereSelectEnumerableIterator`2.MoveNext()
   в System.Linq.Enumerable.WhereEnumerableIterator`1.MoveNext()
   в System.Collections.Generic.List`1..ctor(IEnumerable`1 collection)
   в System.Linq.Enumerable.ToList[TSource](IEnumerable`1 source)
   в Microsoft.OData.Core.UriParser.Parsers.SelectExpandBinder.BindSubLevel(ExpandToken tokenIn)
   в Microsoft.OData.Core.UriParser.Parsers.SelectExpandBinder.GenerateSubExpand(IEdmNavigationProperty currentNavProp, ExpandTermToken tokenIn)
   в Microsoft.OData.Core.UriParser.Parsers.SelectExpandBinder.GenerateExpandItem(ExpandTermToken tokenIn)
   в System.Linq.Enumerable.WhereSelectEnumerableIterator`2.MoveNext()
   в System.Linq.Enumerable.WhereEnumerableIterator`1.MoveNext()
   в System.Collections.Generic.List`1..ctor(IEnumerable`1 collection)
   в System.Linq.Enumerable.ToList[TSource](IEnumerable`1 source)
   в Microsoft.OData.Core.UriParser.Parsers.SelectExpandBinder.BindSubLevel(ExpandToken tokenIn)
   в Microsoft.OData.Core.UriParser.Parsers.SelectExpandBinder.GenerateSubExpand(IEdmNavigationProperty currentNavProp, ExpandTermToken tokenIn)
   в Microsoft.OData.Core.UriParser.Parsers.SelectExpandBinder.GenerateExpandItem(ExpandTermToken tokenIn)
   в System.Linq.Enumerable.WhereSelectEnumerableIterator`2.MoveNext()
   в System.Linq.Enumerable.WhereEnumerableIterator`1.MoveNext()
   в System.Collections.Generic.List`1.InsertRange(Int32 index, IEnumerable`1 collection)
   в Microsoft.OData.Core.UriParser.Parsers.SelectExpandBinder.Bind(ExpandToken tokenIn)
   в Microsoft.OData.Core.UriParser.Parsers.SelectExpandSemanticBinder.Bind(IEdmStructuredType elementType, IEdmNavigationSource navigationSource, ExpandToken expandToken, SelectToken selectToken, ODataUriParserConfiguration configuration)
   в Microsoft.OData.Core.UriParser.ODataQueryOptionParser.ParseSelectAndExpandImplementation(String select, String expand, ODataUriParserConfiguration configuration, IEdmStructuredType elementType, IEdmNavigationSource navigationSource)
   в Microsoft.OData.Core.UriParser.ODataQueryOptionParser.ParseSelectAndExpand()
   в NewPlatform.Flexberry.ORM.ODataService.Controllers.DataObjectController.Init()
   в NewPlatform.Flexberry.ORM.ODataService.Controllers.DataObjectController.Get()
ERROR 2020-02-04 17:54:07 [35] AfterInternalServerError
Microsoft.OData.Core.ODataException: !iyj4q!Could not find a property named 'LinkParameter' on type 'NewPlatform.Flexberry.GIS.LayerLink'. Ploc P!
   в Microsoft.OData.Core.UriParser.Parsers.SelectExpandBinder.GenerateExpandItem(ExpandTermToken tokenIn)
   в System.Linq.Enumerable.WhereSelectEnumerableIterator`2.MoveNext()
   в System.Linq.Enumerable.WhereEnumerableIterator`1.MoveNext()
   в System.Collections.Generic.List`1..ctor(IEnumerable`1 collection)
   в System.Linq.Enumerable.ToList[TSource](IEnumerable`1 source)
   в Microsoft.OData.Core.UriParser.Parsers.SelectExpandBinder.BindSubLevel(ExpandToken tokenIn)
   в Microsoft.OData.Core.UriParser.Parsers.SelectExpandBinder.GenerateSubExpand(IEdmNavigationProperty currentNavProp, ExpandTermToken tokenIn)
   в Microsoft.OData.Core.UriParser.Parsers.SelectExpandBinder.GenerateExpandItem(ExpandTermToken tokenIn)
   в System.Linq.Enumerable.WhereSelectEnumerableIterator`2.MoveNext()
   в System.Linq.Enumerable.WhereEnumerableIterator`1.MoveNext()
   в System.Collections.Generic.List`1..ctor(IEnumerable`1 collection)
   в System.Linq.Enumerable.ToList[TSource](IEnumerable`1 source)
   в Microsoft.OData.Core.UriParser.Parsers.SelectExpandBinder.BindSubLevel(ExpandToken tokenIn)
   в Microsoft.OData.Core.UriParser.Parsers.SelectExpandBinder.GenerateSubExpand(IEdmNavigationProperty currentNavProp, ExpandTermToken tokenIn)
   в Microsoft.OData.Core.UriParser.Parsers.SelectExpandBinder.GenerateExpandItem(ExpandTermToken tokenIn)
   в System.Linq.Enumerable.WhereSelectEnumerableIterator`2.MoveNext()
   в System.Linq.Enumerable.WhereEnumerableIterator`1.MoveNext()
   в System.Collections.Generic.List`1.InsertRange(Int32 index, IEnumerable`1 collection)
   в Microsoft.OData.Core.UriParser.Parsers.SelectExpandBinder.Bind(ExpandToken tokenIn)
   в Microsoft.OData.Core.UriParser.Parsers.SelectExpandSemanticBinder.Bind(IEdmStructuredType elementType, IEdmNavigationSource navigationSource, ExpandToken expandToken, SelectToken selectToken, ODataUriParserConfiguration configuration)
   в Microsoft.OData.Core.UriParser.ODataQueryOptionParser.ParseSelectAndExpandImplementation(String select, String expand, ODataUriParserConfiguration configuration, IEdmStructuredType elementType, IEdmNavigationSource navigationSource)
   в Microsoft.OData.Core.UriParser.ODataQueryOptionParser.ParseSelectAndExpand()
   в NewPlatform.Flexberry.ORM.ODataService.Controllers.DataObjectController.Init()
   в NewPlatform.Flexberry.ORM.ODataService.Controllers.DataObjectController.Get()
ERROR 2020-02-04 17:54:07 [35] !iyj4q!Could not find a property named 'LinkParameter' on type 'NewPlatform.Flexberry.GIS.LayerLink'. Ploc P!
Microsoft.OData.Core.ODataException: !iyj4q!Could not find a property named 'LinkParameter' on type 'NewPlatform.Flexberry.GIS.LayerLink'. Ploc P!
   в Microsoft.OData.Core.UriParser.Parsers.SelectExpandBinder.GenerateExpandItem(ExpandTermToken tokenIn)
   в System.Linq.Enumerable.WhereSelectEnumerableIterator`2.MoveNext()
   в System.Linq.Enumerable.WhereEnumerableIterator`1.MoveNext()
   в System.Collections.Generic.List`1..ctor(IEnumerable`1 collection)
   в System.Linq.Enumerable.ToList[TSource](IEnumerable`1 source)
   в Microsoft.OData.Core.UriParser.Parsers.SelectExpandBinder.BindSubLevel(ExpandToken tokenIn)
   в Microsoft.OData.Core.UriParser.Parsers.SelectExpandBinder.GenerateSubExpand(IEdmNavigationProperty currentNavProp, ExpandTermToken tokenIn)
   в Microsoft.OData.Core.UriParser.Parsers.SelectExpandBinder.GenerateExpandItem(ExpandTermToken tokenIn)
   в System.Linq.Enumerable.WhereSelectEnumerableIterator`2.MoveNext()
   в System.Linq.Enumerable.WhereEnumerableIterator`1.MoveNext()
   в System.Collections.Generic.List`1..ctor(IEnumerable`1 collection)
   в System.Linq.Enumerable.ToList[TSource](IEnumerable`1 source)
   в Microsoft.OData.Core.UriParser.Parsers.SelectExpandBinder.BindSubLevel(ExpandToken tokenIn)
   в Microsoft.OData.Core.UriParser.Parsers.SelectExpandBinder.GenerateSubExpand(IEdmNavigationProperty currentNavProp, ExpandTermToken tokenIn)
   в Microsoft.OData.Core.UriParser.Parsers.SelectExpandBinder.GenerateExpandItem(ExpandTermToken tokenIn)
   в System.Linq.Enumerable.WhereSelectEnumerableIterator`2.MoveNext()
   в System.Linq.Enumerable.WhereEnumerableIterator`1.MoveNext()
   в System.Collections.Generic.List`1.InsertRange(Int32 index, IEnumerable`1 collection)
   в Microsoft.OData.Core.UriParser.Parsers.SelectExpandBinder.Bind(ExpandToken tokenIn)
   в Microsoft.OData.Core.UriParser.Parsers.SelectExpandSemanticBinder.Bind(IEdmStructuredType elementType, IEdmNavigationSource navigationSource, ExpandToken expandToken, SelectToken selectToken, ODataUriParserConfiguration configuration)
   в Microsoft.OData.Core.UriParser.ODataQueryOptionParser.ParseSelectAndExpandImplementation(String select, String expand, ODataUriParserConfiguration configuration, IEdmStructuredType elementType, IEdmNavigationSource navigationSource)
   в Microsoft.OData.Core.UriParser.ODataQueryOptionParser.ParseSelectAndExpand()
   в NewPlatform.Flexberry.ORM.ODataService.Controllers.DataObjectController.Init()
   в NewPlatform.Flexberry.ORM.ODataService.Controllers.DataObjectController.Get()
ERROR 2020-02-04 17:54:09 [35] AfterInternalServerError
Microsoft.OData.Core.ODataException: !iyj4q!Could not find a property named 'LinkParameter' on type 'NewPlatform.Flexberry.GIS.LayerLink'. Ploc P!
   в Microsoft.OData.Core.UriParser.Parsers.SelectExpandBinder.GenerateExpandItem(ExpandTermToken tokenIn)
   в System.Linq.Enumerable.WhereSelectEnumerableIterator`2.MoveNext()
   в System.Linq.Enumerable.WhereEnumerableIterator`1.MoveNext()
   в System.Collections.Generic.List`1..ctor(IEnumerable`1 collection)
   в System.Linq.Enumerable.ToList[TSource](IEnumerable`1 source)
   в Microsoft.OData.Core.UriParser.Parsers.SelectExpandBinder.BindSubLevel(ExpandToken tokenIn)
   в Microsoft.OData.Core.UriParser.Parsers.SelectExpandBinder.GenerateSubExpand(IEdmNavigationProperty currentNavProp, ExpandTermToken tokenIn)
   в Microsoft.OData.Core.UriParser.Parsers.SelectExpandBinder.GenerateExpandItem(ExpandTermToken tokenIn)
   в System.Linq.Enumerable.WhereSelectEnumerableIterator`2.MoveNext()
   в System.Linq.Enumerable.WhereEnumerableIterator`1.MoveNext()
   в System.Collections.Generic.List`1..ctor(IEnumerable`1 collection)
   в System.Linq.Enumerable.ToList[TSource](IEnumerable`1 source)
   в Microsoft.OData.Core.UriParser.Parsers.SelectExpandBinder.BindSubLevel(ExpandToken tokenIn)
   в Microsoft.OData.Core.UriParser.Parsers.SelectExpandBinder.GenerateSubExpand(IEdmNavigationProperty currentNavProp, ExpandTermToken tokenIn)
   в Microsoft.OData.Core.UriParser.Parsers.SelectExpandBinder.GenerateExpandItem(ExpandTermToken tokenIn)
   в System.Linq.Enumerable.WhereSelectEnumerableIterator`2.MoveNext()
   в System.Linq.Enumerable.WhereEnumerableIterator`1.MoveNext()
   в System.Collections.Generic.List`1.InsertRange(Int32 index, IEnumerable`1 collection)
   в Microsoft.OData.Core.UriParser.Parsers.SelectExpandBinder.Bind(ExpandToken tokenIn)
   в Microsoft.OData.Core.UriParser.Parsers.SelectExpandSemanticBinder.Bind(IEdmStructuredType elementType, IEdmNavigationSource navigationSource, ExpandToken expandToken, SelectToken selectToken, ODataUriParserConfiguration configuration)
   в Microsoft.OData.Core.UriParser.ODataQueryOptionParser.ParseSelectAndExpandImplementation(String select, String expand, ODataUriParserConfiguration configuration, IEdmStructuredType elementType, IEdmNavigationSource navigationSource)
   в Microsoft.OData.Core.UriParser.ODataQueryOptionParser.ParseSelectAndExpand()
   в NewPlatform.Flexberry.ORM.ODataService.Controllers.DataObjectController.Init()
   в NewPlatform.Flexberry.ORM.ODataService.Controllers.DataObjectController.Get()
ERROR 2020-02-04 17:54:09 [35] !iyj4q!Could not find a property named 'LinkParameter' on type 'NewPlatform.Flexberry.GIS.LayerLink'. Ploc P!
Microsoft.OData.Core.ODataException: !iyj4q!Could not find a property named 'LinkParameter' on type 'NewPlatform.Flexberry.GIS.LayerLink'. Ploc P!
   в Microsoft.OData.Core.UriParser.Parsers.SelectExpandBinder.GenerateExpandItem(ExpandTermToken tokenIn)
   в System.Linq.Enumerable.WhereSelectEnumerableIterator`2.MoveNext()
   в System.Linq.Enumerable.WhereEnumerableIterator`1.MoveNext()
   в System.Collections.Generic.List`1..ctor(IEnumerable`1 collection)
   в System.Linq.Enumerable.ToList[TSource](IEnumerable`1 source)
   в Microsoft.OData.Core.UriParser.Parsers.SelectExpandBinder.BindSubLevel(ExpandToken tokenIn)
   в Microsoft.OData.Core.UriParser.Parsers.SelectExpandBinder.GenerateSubExpand(IEdmNavigationProperty currentNavProp, ExpandTermToken tokenIn)
   в Microsoft.OData.Core.UriParser.Parsers.SelectExpandBinder.GenerateExpandItem(ExpandTermToken tokenIn)
   в System.Linq.Enumerable.WhereSelectEnumerableIterator`2.MoveNext()
   в System.Linq.Enumerable.WhereEnumerableIterator`1.MoveNext()
   в System.Collections.Generic.List`1..ctor(IEnumerable`1 collection)
   в System.Linq.Enumerable.ToList[TSource](IEnumerable`1 source)
   в Microsoft.OData.Core.UriParser.Parsers.SelectExpandBinder.BindSubLevel(ExpandToken tokenIn)
   в Microsoft.OData.Core.UriParser.Parsers.SelectExpandBinder.GenerateSubExpand(IEdmNavigationProperty currentNavProp, ExpandTermToken tokenIn)
   в Microsoft.OData.Core.UriParser.Parsers.SelectExpandBinder.GenerateExpandItem(ExpandTermToken tokenIn)
   в System.Linq.Enumerable.WhereSelectEnumerableIterator`2.MoveNext()
   в System.Linq.Enumerable.WhereEnumerableIterator`1.MoveNext()
   в System.Collections.Generic.List`1.InsertRange(Int32 index, IEnumerable`1 collection)
   в Microsoft.OData.Core.UriParser.Parsers.SelectExpandBinder.Bind(ExpandToken tokenIn)
   в Microsoft.OData.Core.UriParser.Parsers.SelectExpandSemanticBinder.Bind(IEdmStructuredType elementType, IEdmNavigationSource navigationSource, ExpandToken expandToken, SelectToken selectToken, ODataUriParserConfiguration configuration)
   в Microsoft.OData.Core.UriParser.ODataQueryOptionParser.ParseSelectAndExpandImplementation(String select, String expand, ODataUriParserConfiguration configuration, IEdmStructuredType elementType, IEdmNavigationSource navigationSource)
   в Microsoft.OData.Core.UriParser.ODataQueryOptionParser.ParseSelectAndExpand()
   в NewPlatform.Flexberry.ORM.ODataService.Controllers.DataObjectController.Init()
   в NewPlatform.Flexberry.ORM.ODataService.Controllers.DataObjectController.Get()
ERROR 2020-02-04 17:55:43 [6] AfterInternalServerError
Microsoft.OData.Core.ODataException: !iyj4q!Could not find a property named 'LinkParameter' on type 'NewPlatform.Flexberry.GIS.LayerLink'. Ploc P!
   в Microsoft.OData.Core.UriParser.Parsers.SelectExpandBinder.GenerateExpandItem(ExpandTermToken tokenIn)
   в System.Linq.Enumerable.WhereSelectEnumerableIterator`2.MoveNext()
   в System.Linq.Enumerable.WhereEnumerableIterator`1.MoveNext()
   в System.Collections.Generic.List`1..ctor(IEnumerable`1 collection)
   в System.Linq.Enumerable.ToList[TSource](IEnumerable`1 source)
   в Microsoft.OData.Core.UriParser.Parsers.SelectExpandBinder.BindSubLevel(ExpandToken tokenIn)
   в Microsoft.OData.Core.UriParser.Parsers.SelectExpandBinder.GenerateSubExpand(IEdmNavigationProperty currentNavProp, ExpandTermToken tokenIn)
   в Microsoft.OData.Core.UriParser.Parsers.SelectExpandBinder.GenerateExpandItem(ExpandTermToken tokenIn)
   в System.Linq.Enumerable.WhereSelectEnumerableIterator`2.MoveNext()
   в System.Linq.Enumerable.WhereEnumerableIterator`1.MoveNext()
   в System.Collections.Generic.List`1..ctor(IEnumerable`1 collection)
   в System.Linq.Enumerable.ToList[TSource](IEnumerable`1 source)
   в Microsoft.OData.Core.UriParser.Parsers.SelectExpandBinder.BindSubLevel(ExpandToken tokenIn)
   в Microsoft.OData.Core.UriParser.Parsers.SelectExpandBinder.GenerateSubExpand(IEdmNavigationProperty currentNavProp, ExpandTermToken tokenIn)
   в Microsoft.OData.Core.UriParser.Parsers.SelectExpandBinder.GenerateExpandItem(ExpandTermToken tokenIn)
   в System.Linq.Enumerable.WhereSelectEnumerableIterator`2.MoveNext()
   в System.Linq.Enumerable.WhereEnumerableIterator`1.MoveNext()
   в System.Collections.Generic.List`1.InsertRange(Int32 index, IEnumerable`1 collection)
   в Microsoft.OData.Core.UriParser.Parsers.SelectExpandBinder.Bind(ExpandToken tokenIn)
   в Microsoft.OData.Core.UriParser.Parsers.SelectExpandSemanticBinder.Bind(IEdmStructuredType elementType, IEdmNavigationSource navigationSource, ExpandToken expandToken, SelectToken selectToken, ODataUriParserConfiguration configuration)
   в Microsoft.OData.Core.UriParser.ODataQueryOptionParser.ParseSelectAndExpandImplementation(String select, String expand, ODataUriParserConfiguration configuration, IEdmStructuredType elementType, IEdmNavigationSource navigationSource)
   в Microsoft.OData.Core.UriParser.ODataQueryOptionParser.ParseSelectAndExpand()
   в NewPlatform.Flexberry.ORM.ODataService.Controllers.DataObjectController.Init()
   в NewPlatform.Flexberry.ORM.ODataService.Controllers.DataObjectController.Get()
ERROR 2020-02-04 17:55:43 [6] !iyj4q!Could not find a property named 'LinkParameter' on type 'NewPlatform.Flexberry.GIS.LayerLink'. Ploc P!
Microsoft.OData.Core.ODataException: !iyj4q!Could not find a property named 'LinkParameter' on type 'NewPlatform.Flexberry.GIS.LayerLink'. Ploc P!
   в Microsoft.OData.Core.UriParser.Parsers.SelectExpandBinder.GenerateExpandItem(ExpandTermToken tokenIn)
   в System.Linq.Enumerable.WhereSelectEnumerableIterator`2.MoveNext()
   в System.Linq.Enumerable.WhereEnumerableIterator`1.MoveNext()
   в System.Collections.Generic.List`1..ctor(IEnumerable`1 collection)
   в System.Linq.Enumerable.ToList[TSource](IEnumerable`1 source)
   в Microsoft.OData.Core.UriParser.Parsers.SelectExpandBinder.BindSubLevel(ExpandToken tokenIn)
   в Microsoft.OData.Core.UriParser.Parsers.SelectExpandBinder.GenerateSubExpand(IEdmNavigationProperty currentNavProp, ExpandTermToken tokenIn)
   в Microsoft.OData.Core.UriParser.Parsers.SelectExpandBinder.GenerateExpandItem(ExpandTermToken tokenIn)
   в System.Linq.Enumerable.WhereSelectEnumerableIterator`2.MoveNext()
   в System.Linq.Enumerable.WhereEnumerableIterator`1.MoveNext()
   в System.Collections.Generic.List`1..ctor(IEnumerable`1 collection)
   в System.Linq.Enumerable.ToList[TSource](IEnumerable`1 source)
   в Microsoft.OData.Core.UriParser.Parsers.SelectExpandBinder.BindSubLevel(ExpandToken tokenIn)
   в Microsoft.OData.Core.UriParser.Parsers.SelectExpandBinder.GenerateSubExpand(IEdmNavigationProperty currentNavProp, ExpandTermToken tokenIn)
   в Microsoft.OData.Core.UriParser.Parsers.SelectExpandBinder.GenerateExpandItem(ExpandTermToken tokenIn)
   в System.Linq.Enumerable.WhereSelectEnumerableIterator`2.MoveNext()
   в System.Linq.Enumerable.WhereEnumerableIterator`1.MoveNext()
   в System.Collections.Generic.List`1.InsertRange(Int32 index, IEnumerable`1 collection)
   в Microsoft.OData.Core.UriParser.Parsers.SelectExpandBinder.Bind(ExpandToken tokenIn)
   в Microsoft.OData.Core.UriParser.Parsers.SelectExpandSemanticBinder.Bind(IEdmStructuredType elementType, IEdmNavigationSource navigationSource, ExpandToken expandToken, SelectToken selectToken, ODataUriParserConfiguration configuration)
   в Microsoft.OData.Core.UriParser.ODataQueryOptionParser.ParseSelectAndExpandImplementation(String select, String expand, ODataUriParserConfiguration configuration, IEdmStructuredType elementType, IEdmNavigationSource navigationSource)
   в Microsoft.OData.Core.UriParser.ODataQueryOptionParser.ParseSelectAndExpand()
   в NewPlatform.Flexberry.ORM.ODataService.Controllers.DataObjectController.Init()
   в NewPlatform.Flexberry.ORM.ODataService.Controllers.DataObjectController.Get()
